Using pre-set license
Built from '2021.1/staging' branch; Version is '2021.1.12f1 (afcadd793de6) revision 11520733'; Using compiler version '192528614'; Build Type 'Release'
OS: 'Windows 10 Home; OS build 22000.556; Version 2009; 64bit' Language: 'en' Physical Memory: 32439 MB
BatchMode: 1, IsHumanControllingUs: 0, StartBugReporterOnCrash: 0, Is64bit: 1, IsPro: 0

 COMMAND LINE ARGUMENTS:
C:\Program Files\UNITY\2021.1.12f1\Editor\Unity.exe
-adb2
-batchMode
-noUpm
-name
AssetImportWorker0
-projectPath
C:/Users/jackl/Documents/GitHub/HummingBird
-logFile
Logs/AssetImportWorker0.log
-srvPort
61946
Successfully changed project path to: C:/Users/jackl/Documents/GitHub/HummingBird
C:/Users/jackl/Documents/GitHub/HummingBird
Using Asset Import Pipeline V2.
Refreshing native plugins compatible for Editor in 108.43 ms, found 4 plugins.
Preloading 0 native plugins for Editor in 0.00 ms.
Initialize engine version: 2021.1.12f1 (afcadd793de6)
[Subsystems] Discovering subsystems at path C:/Program Files/UNITY/2021.1.12f1/Editor/Data/Resources/UnitySubsystems
[Subsystems] Discovering subsystems at path C:/Users/jackl/Documents/GitHub/HummingBird/Assets
GfxDevice: creating device client; threaded=0; jobified=0
Direct3D:
    Version:  Direct3D 11.0 [level 11.1]
    Renderer: NVIDIA GeForce RTX 3080 (ID=0x2216)
    Vendor:   NVIDIA
    VRAM:     10078 MB
    Driver:   30.0.15.1123
Initialize mono
Mono path[0] = 'C:/Program Files/UNITY/2021.1.12f1/Editor/Data/Managed'
Mono path[1] = 'C:/Program Files/UNITY/2021.1.12f1/Editor/Data/MonoBleedingEdge/lib/mono/unityjit'
Mono config path = 'C:/Program Files/UNITY/2021.1.12f1/Editor/Data/MonoBleedingEdge/etc'
Using monoOptions --debugger-agent=transport=dt_socket,embedding=1,server=y,suspend=n,address=127.0.0.1:56920
Begin MonoManager ReloadAssembly
Registering precompiled unity dll's ...
Register platform support module: C:/Program Files/UNITY/2021.1.12f1/Editor/Data/PlaybackEngines/WindowsStandaloneSupport/UnityEditor.WindowsStandalone.Extensions.dll
Registered in 0.001026 seconds.
Native extension for WindowsStandalone target not found
Refreshing native plugins compatible for Editor in 96.36 ms, found 4 plugins.
Preloading 0 native plugins for Editor in 0.00 ms.
Mono: successfully reloaded assembly
- Completed reload, in  1.155 seconds
Domain Reload Profiling:
	ReloadAssembly (1156ms)
		BeginReloadAssembly (57ms)
			ExecutionOrderSort (0ms)
			DisableScriptedObjects (0ms)
			BackupInstance (0ms)
			ReleaseScriptingObjects (0ms)
			CreateAndSetChildDomain (1ms)
		EndReloadAssembly (478ms)
			LoadAssemblies (55ms)
			RebuildTransferFunctionScriptingTraits (0ms)
			SetupTypeCache (149ms)
			ReleaseScriptCaches (0ms)
			RebuildScriptCaches (54ms)
			SetupLoadedEditorAssemblies (233ms)
				LogAssemblyErrors (0ms)
				InitializePlatformSupportModulesInManaged (7ms)
				SetLoadedEditorAssemblies (0ms)
				RefreshPlugins (96ms)
				BeforeProcessingInitializeOnLoad (1ms)
				ProcessInitializeOnLoadAttributes (102ms)
				ProcessInitializeOnLoadMethodAttributes (26ms)
				AfterProcessingInitializeOnLoad (0ms)
				EditorAssembliesLoaded (0ms)
			ExecutionOrderSort2 (0ms)
			AwakeInstancesAfterBackupRestoration (0ms)
Platform modules already initialized, skipping
Registering precompiled user dll's ...
Registered in 0.006963 seconds.
Begin MonoManager ReloadAssembly
Symbol file LoadedFromMemory doesn't match image C:\Users\jackl\Documents\GitHub\HummingBird\Library\PackageCache\com.unity.visualscripting@1.6.1\Editor\VisualScripting.Core\Dependencies\YamlDotNet\Unity.VisualScripting.YamlDotNet.dll
Symbol file LoadedFromMemory doesn't match image C:\Users\jackl\Documents\GitHub\HummingBird\Library\PackageCache\com.unity.visualscripting@1.6.1\Editor\VisualScripting.Core\Dependencies\DotNetZip\Unity.VisualScripting.IonicZip.dll
Native extension for WindowsStandalone target not found
Refreshing native plugins compatible for Editor in 98.20 ms, found 4 plugins.
Preloading 0 native plugins for Editor in 0.00 ms.
Mono: successfully reloaded assembly
- Completed reload, in  1.461 seconds
Domain Reload Profiling:
	ReloadAssembly (1461ms)
		BeginReloadAssembly (136ms)
			ExecutionOrderSort (0ms)
			DisableScriptedObjects (4ms)
			BackupInstance (0ms)
			ReleaseScriptingObjects (0ms)
			CreateAndSetChildDomain (27ms)
		EndReloadAssembly (1272ms)
			LoadAssemblies (80ms)
			RebuildTransferFunctionScriptingTraits (0ms)
			SetupTypeCache (371ms)
			ReleaseScriptCaches (1ms)
			RebuildScriptCaches (64ms)
			SetupLoadedEditorAssemblies (661ms)
				LogAssemblyErrors (0ms)
				InitializePlatformSupportModulesInManaged (3ms)
				SetLoadedEditorAssemblies (0ms)
				RefreshPlugins (98ms)
				BeforeProcessingInitializeOnLoad (88ms)
				ProcessInitializeOnLoadAttributes (463ms)
				ProcessInitializeOnLoadMethodAttributes (5ms)
				AfterProcessingInitializeOnLoad (4ms)
				EditorAssembliesLoaded (0ms)
			ExecutionOrderSort2 (0ms)
			AwakeInstancesAfterBackupRestoration (5ms)
Platform modules already initialized, skipping
========================================================================
Worker process is ready to serve import requests
Launched and connected shader compiler UnityShaderCompiler.exe after 0.05 seconds
Refreshing native plugins compatible for Editor in 1.92 ms, found 4 plugins.
Preloading 0 native plugins for Editor in 0.00 ms.
Unloading 4592 Unused Serialized files (Serialized files now loaded: 0)
System memory in use before: 179.7 MB.
System memory in use after: 176.8 MB.

Unloading 75 unused Assets to reduce memory usage. Loaded Objects now: 4985.
Total: 10.209800 ms (FindLiveObjects: 0.714100 ms CreateObjectMapping: 0.696300 ms MarkObjects: 6.760200 ms  DeleteObjects: 2.036900 ms)

AssetImportParameters requested are different than current active one (requested -> active):
  custom:framework-win-MediaFoundation: 216162199b28c13a410421893ffa2e32 -> 
  custom:video-decoder-ogg-theora: a1e56fd34408186e4bbccfd4996cb3dc -> 
  custom:container-muxer-webm: aa71ff27fc2769a1b78a27578f13a17b -> 
  custom:container-demuxer-webm: 4f35f7cbe854078d1ac9338744f61a02 -> 
  custom:container-demuxer-ogg: 62fdf1f143b41e24485cea50d1cbac27 -> 
  custom:video-encoder-webm-vp8: eb34c28f22e8b96e1ab97ce403110664 -> 
  custom:video-decoder-webm-vp8: 9c59270c3fd7afecdb556c50c9e8de78 -> 
  custom:audio-decoder-ogg-vorbis: bf7c407c2cedff20999df2af8eb42d56 -> 
  custom:audio-encoder-webm-vorbis: bf7c407c2cedff20999df2af8eb42d56 -> 
========================================================================
Received Import Request.
  path: Assets/Hummingbird/Scripts/Flower.cs
  artifactKey: Guid(e82e5e12dfe8c944c8be8a48e48913cc) Importer(815301076,1909f56bfc062723c751e8b465ee728b)
Start importing Assets/Hummingbird/Scripts/Flower.cs using Guid(e82e5e12dfe8c944c8be8a48e48913cc) Importer(815301076,1909f56bfc062723c751e8b465ee728b)  -> (artifact id: 'e06942eaa63323bfe30a6f3d2375a816') in 0.031056 seconds 
========================================================================
Received Import Request.
  Time since last request: 69.442360 seconds.
  path: Assets/Hummingbird/Scripts/Flower.cs
  artifactKey: Guid(e82e5e12dfe8c944c8be8a48e48913cc) Importer(815301076,1909f56bfc062723c751e8b465ee728b)
Start importing Assets/Hummingbird/Scripts/Flower.cs using Guid(e82e5e12dfe8c944c8be8a48e48913cc) Importer(815301076,1909f56bfc062723c751e8b465ee728b)  -> (artifact id: '38fc6c439354815e31d6c8893bb00dd9') in 0.002155 seconds 
========================================================================
Received Import Request.
  Time since last request: 70.928699 seconds.
  path: Assets/Hummingbird/Scripts/Flower.cs
  artifactKey: Guid(e82e5e12dfe8c944c8be8a48e48913cc) Importer(815301076,1909f56bfc062723c751e8b465ee728b)
Start importing Assets/Hummingbird/Scripts/Flower.cs using Guid(e82e5e12dfe8c944c8be8a48e48913cc) Importer(815301076,1909f56bfc062723c751e8b465ee728b)  -> (artifact id: 'b9e38d5466863b0a86a700b554a78fbc') in 0.003546 seconds 
========================================================================
Received Import Request.
  Time since last request: 25.968647 seconds.
  path: Assets/Hummingbird/Scripts/Flower.cs
  artifactKey: Guid(e82e5e12dfe8c944c8be8a48e48913cc) Importer(815301076,1909f56bfc062723c751e8b465ee728b)
Start importing Assets/Hummingbird/Scripts/Flower.cs using Guid(e82e5e12dfe8c944c8be8a48e48913cc) Importer(815301076,1909f56bfc062723c751e8b465ee728b)  -> (artifact id: '1c7f9e46d48ccde34637c3b4b1daacf5') in 0.003633 seconds 
========================================================================
Received Import Request.
  Time since last request: 25.821389 seconds.
  path: Assets/Hummingbird/Scripts/Flower.cs
  artifactKey: Guid(e82e5e12dfe8c944c8be8a48e48913cc) Importer(815301076,1909f56bfc062723c751e8b465ee728b)
Start importing Assets/Hummingbird/Scripts/Flower.cs using Guid(e82e5e12dfe8c944c8be8a48e48913cc) Importer(815301076,1909f56bfc062723c751e8b465ee728b)  -> (artifact id: 'ffd7b865cc26d1033e3f9917cb9ce4bf') in 0.002677 seconds 
========================================================================
Received Import Request.
  Time since last request: 15.308694 seconds.
  path: Assets/Hummingbird/Scripts/Flower.cs
  artifactKey: Guid(e82e5e12dfe8c944c8be8a48e48913cc) Importer(815301076,1909f56bfc062723c751e8b465ee728b)
Start importing Assets/Hummingbird/Scripts/Flower.cs using Guid(e82e5e12dfe8c944c8be8a48e48913cc) Importer(815301076,1909f56bfc062723c751e8b465ee728b)  -> (artifact id: 'a116994884b40ef02451d855350399e9') in 0.002315 seconds 
========================================================================
Received Import Request.
  Time since last request: 8.467669 seconds.
  path: Assets/Hummingbird/Scripts/Flower.cs
  artifactKey: Guid(e82e5e12dfe8c944c8be8a48e48913cc) Importer(815301076,1909f56bfc062723c751e8b465ee728b)
Start importing Assets/Hummingbird/Scripts/Flower.cs using Guid(e82e5e12dfe8c944c8be8a48e48913cc) Importer(815301076,1909f56bfc062723c751e8b465ee728b)  -> (artifact id: '8dfa6610bf2fb32ba62f17b771405f6d') in 0.002941 seconds 
========================================================================
Received Import Request.
  Time since last request: 23.271915 seconds.
  path: Assets/Hummingbird/Scripts/Flower.cs
  artifactKey: Guid(e82e5e12dfe8c944c8be8a48e48913cc) Importer(815301076,1909f56bfc062723c751e8b465ee728b)
Start importing Assets/Hummingbird/Scripts/Flower.cs using Guid(e82e5e12dfe8c944c8be8a48e48913cc) Importer(815301076,1909f56bfc062723c751e8b465ee728b)  -> (artifact id: '6a57c678c841ed72ff6028f5c13fa899') in 0.002636 seconds 
========================================================================
Received Import Request.
  Time since last request: 32.542409 seconds.
  path: Assets/Hummingbird/Scripts/Flower.cs
  artifactKey: Guid(e82e5e12dfe8c944c8be8a48e48913cc) Importer(815301076,1909f56bfc062723c751e8b465ee728b)
Start importing Assets/Hummingbird/Scripts/Flower.cs using Guid(e82e5e12dfe8c944c8be8a48e48913cc) Importer(815301076,1909f56bfc062723c751e8b465ee728b)  -> (artifact id: 'a06db2c0c51aafddf5c091d60fe3bf89') in 0.003379 seconds 
========================================================================
Received Import Request.
  Time since last request: 50.490486 seconds.
  path: Assets/Hummingbird/Scripts/Flower.cs
  artifactKey: Guid(e82e5e12dfe8c944c8be8a48e48913cc) Importer(815301076,1909f56bfc062723c751e8b465ee728b)
Start importing Assets/Hummingbird/Scripts/Flower.cs using Guid(e82e5e12dfe8c944c8be8a48e48913cc) Importer(815301076,1909f56bfc062723c751e8b465ee728b)  -> (artifact id: 'b31b231df4f6f5ad3283984306549e82') in 0.003771 seconds 
========================================================================
Received Import Request.
  Time since last request: 8.946480 seconds.
  path: Assets/Hummingbird/Scripts/Flower.cs
  artifactKey: Guid(e82e5e12dfe8c944c8be8a48e48913cc) Importer(815301076,1909f56bfc062723c751e8b465ee728b)
Start importing Assets/Hummingbird/Scripts/Flower.cs using Guid(e82e5e12dfe8c944c8be8a48e48913cc) Importer(815301076,1909f56bfc062723c751e8b465ee728b)  -> (artifact id: '31d05f478cc1738b7ea4404796c7db4c') in 0.003539 seconds 
========================================================================
Received Import Request.
  Time since last request: 72.198615 seconds.
  path: Assets/Hummingbird/Scripts/Flower.cs
  artifactKey: Guid(e82e5e12dfe8c944c8be8a48e48913cc) Importer(815301076,1909f56bfc062723c751e8b465ee728b)
Start importing Assets/Hummingbird/Scripts/Flower.cs using Guid(e82e5e12dfe8c944c8be8a48e48913cc) Importer(815301076,1909f56bfc062723c751e8b465ee728b)  -> (artifact id: '5467e9b355fb9bf4af8e3d2e2609effb') in 0.003618 seconds 
========================================================================
Received Import Request.
  Time since last request: 31.072870 seconds.
  path: Assets/Hummingbird/Scripts/Flower.cs
  artifactKey: Guid(e82e5e12dfe8c944c8be8a48e48913cc) Importer(815301076,1909f56bfc062723c751e8b465ee728b)
Start importing Assets/Hummingbird/Scripts/Flower.cs using Guid(e82e5e12dfe8c944c8be8a48e48913cc) Importer(815301076,1909f56bfc062723c751e8b465ee728b)  -> (artifact id: '85fbe140e48f59200ade19927294fc8b') in 0.003965 seconds 
========================================================================
Received Prepare
Registering precompiled user dll's ...
Registered in 0.006735 seconds.
Begin MonoManager ReloadAssembly
Symbol file LoadedFromMemory doesn't match image C:\Users\jackl\Documents\GitHub\HummingBird\Library\PackageCache\com.unity.visualscripting@1.6.1\Editor\VisualScripting.Core\Dependencies\YamlDotNet\Unity.VisualScripting.YamlDotNet.dll
Symbol file LoadedFromMemory doesn't match image C:\Users\jackl\Documents\GitHub\HummingBird\Library\PackageCache\com.unity.visualscripting@1.6.1\Editor\VisualScripting.Core\Dependencies\DotNetZip\Unity.VisualScripting.IonicZip.dll
Native extension for WindowsStandalone target not found
Refreshing native plugins compatible for Editor in 1.04 ms, found 4 plugins.
Preloading 0 native plugins for Editor in 0.00 ms.
Mono: successfully reloaded assembly
- Completed reload, in  1.188 seconds
Domain Reload Profiling:
	ReloadAssembly (1189ms)
		BeginReloadAssembly (117ms)
			ExecutionOrderSort (0ms)
			DisableScriptedObjects (4ms)
			BackupInstance (0ms)
			ReleaseScriptingObjects (0ms)
			CreateAndSetChildDomain (53ms)
		EndReloadAssembly (1021ms)
			LoadAssemblies (81ms)
			RebuildTransferFunctionScriptingTraits (0ms)
			SetupTypeCache (356ms)
			ReleaseScriptCaches (2ms)
			RebuildScriptCaches (51ms)
			SetupLoadedEditorAssemblies (430ms)
				LogAssemblyErrors (0ms)
				InitializePlatformSupportModulesInManaged (4ms)
				SetLoadedEditorAssemblies (0ms)
				RefreshPlugins (1ms)
				BeforeProcessingInitializeOnLoad (68ms)
				ProcessInitializeOnLoadAttributes (349ms)
				ProcessInitializeOnLoadMethodAttributes (4ms)
				AfterProcessingInitializeOnLoad (3ms)
				EditorAssembliesLoaded (0ms)
			ExecutionOrderSort2 (0ms)
			AwakeInstancesAfterBackupRestoration (7ms)
Platform modules already initialized, skipping
Refreshing native plugins compatible for Editor in 1.00 ms, found 4 plugins.
Preloading 0 native plugins for Editor in 0.00 ms.
Unloading 4519 Unused Serialized files (Serialized files now loaded: 0)
System memory in use before: 176.2 MB.
System memory in use after: 173.4 MB.

Unloading 70 unused Assets to reduce memory usage. Loaded Objects now: 4988.
Total: 6.997600 ms (FindLiveObjects: 0.522700 ms CreateObjectMapping: 0.444200 ms MarkObjects: 4.210800 ms  DeleteObjects: 1.817100 ms)

AssetImportParameters requested are different than current active one (requested -> active):
  custom:framework-win-MediaFoundation: 216162199b28c13a410421893ffa2e32 -> 
  custom:video-decoder-ogg-theora: a1e56fd34408186e4bbccfd4996cb3dc -> 
  custom:container-muxer-webm: aa71ff27fc2769a1b78a27578f13a17b -> 
  custom:container-demuxer-webm: 4f35f7cbe854078d1ac9338744f61a02 -> 
  custom:container-demuxer-ogg: 62fdf1f143b41e24485cea50d1cbac27 -> 
  custom:video-encoder-webm-vp8: eb34c28f22e8b96e1ab97ce403110664 -> 
  custom:video-decoder-webm-vp8: 9c59270c3fd7afecdb556c50c9e8de78 -> 
  custom:audio-decoder-ogg-vorbis: bf7c407c2cedff20999df2af8eb42d56 -> 
  custom:audio-encoder-webm-vorbis: bf7c407c2cedff20999df2af8eb42d56 -> 
AssetImportWorkerClient::OnTransportError - code=2 error=End of file
